{"C:\\Users\\UITLEEN\\Documents\\bijlagen\\vraag 3\\app.js": {"path":"C:\\Users\\UITLEEN\\Documents\\bijlagen\\vraag 3\\app.js","statementMap":{"0":{"start":{"line":2,"column":2},"end":{"line":2,"column":15}},"1":{"start":{"line":5,"column":0},"end":{"line":5,"column":21}},"2":{"start":{"line":7,"column":0},"end":{"line":7,"column":26}}},"fnMap":{"0":{"name":"add","decl":{"start":{"line":1,"column":9},"end":{"line":1,"column":12}},"loc":{"start":{"line":1,"column":19},"end":{"line":3,"column":1}},"line":1}},"branchMap":{},"s":{"0":1,"1":1,"2":1},"f":{"0":1},"b":{},"_coverageSchema":"1a1c01bbd47fc00a2c39e90264f33305004495a9","hash":"3676984f7d60f66e35ae21c4895cf70b00db0c9b"}
}
